[2023-02-02 02:13:43] flarum.ERROR: Swift_TransportException: Expected response code 220 but got an empty response in /opt/bitnami/apache/htdocs/vendor/swiftmailer/swiftmailer/lib/classes/Swift/Transport/AbstractSmtpTransport.php:447
Stack trace:
#0 /opt/bitnami/apache/htdocs/vendor/swiftmailer/swiftmailer/lib/classes/Swift/Transport/AbstractSmtpTransport.php(360): Swift_Transport_AbstractSmtpTransport->assertResponseCode()
#1 /opt/bitnami/apache/htdocs/vendor/swiftmailer/swiftmailer/lib/classes/Swift/Transport/AbstractSmtpTransport.php(147): Swift_Transport_AbstractSmtpTransport->readGreeting()
#2 /opt/bitnami/apache/htdocs/vendor/swiftmailer/swiftmailer/lib/classes/Swift/Transport/SendmailTransport.php(50): Swift_Transport_AbstractSmtpTransport->start()
#3 /opt/bitnami/apache/htdocs/vendor/swiftmailer/swiftmailer/lib/classes/Swift/Mailer.php(65): Swift_Transport_SendmailTransport->start()
#4 /opt/bitnami/apache/htdocs/vendor/illuminate/mail/Mailer.php(521): Swift_Mailer->send()
#5 /opt/bitnami/apache/htdocs/vendor/illuminate/mail/Mailer.php(288): Illuminate\Mail\Mailer->sendSwiftMessage()
#6 /opt/bitnami/apache/htdocs/vendor/illuminate/mail/Mailer.php(212): Illuminate\Mail\Mailer->send()
#7 /opt/bitnami/apache/htdocs/vendor/flarum/core/src/Mail/Job/SendRawEmailJob.php(34): Illuminate\Mail\Mailer->raw()
#8 /opt/bitnami/apache/htdocs/vendor/illuminate/container/BoundMethod.php(36): Flarum\Mail\Job\SendRawEmailJob->handle()
#9 /opt/bitnami/apache/htdocs/vendor/illuminate/container/Util.php(40): Illuminate\Container\BoundMethod::Illuminate\Container\{closure}()
#10 /opt/bitnami/apache/htdocs/vendor/illuminate/container/BoundMethod.php(93): Illuminate\Container\Util::unwrapIfClosure()
#11 /opt/bitnami/apache/htdocs/vendor/illuminate/container/BoundMethod.php(37): Illuminate\Container\BoundMethod::callBoundMethod()
#12 /opt/bitnami/apache/htdocs/vendor/illuminate/container/Container.php(653): Illuminate\Container\BoundMethod::call()
#13 /opt/bitnami/apache/htdocs/vendor/illuminate/bus/Dispatcher.php(128): Illuminate\Container\Container->call()
#14 /opt/bitnami/apache/htdocs/vendor/illuminate/pipeline/Pipeline.php(128): Illuminate\Bus\Dispatcher->Illuminate\Bus\{closure}()
#15 /opt/bitnami/apache/htdocs/vendor/illuminate/pipeline/Pipeline.php(103): Illuminate\Pipeline\Pipeline->Illuminate\Pipeline\{closure}()
#16 /opt/bitnami/apache/htdocs/vendor/illuminate/bus/Dispatcher.php(132): Illuminate\Pipeline\Pipeline->then()
#17 /opt/bitnami/apache/htdocs/vendor/illuminate/queue/CallQueuedHandler.php(120): Illuminate\Bus\Dispatcher->dispatchNow()
#18 /opt/bitnami/apache/htdocs/vendor/illuminate/pipeline/Pipeline.php(128): Illuminate\Queue\CallQueuedHandler->Illuminate\Queue\{closure}()
#19 /opt/bitnami/apache/htdocs/vendor/illuminate/pipeline/Pipeline.php(103): Illuminate\Pipeline\Pipeline->Illuminate\Pipeline\{closure}()
#20 /opt/bitnami/apache/htdocs/vendor/illuminate/queue/CallQueuedHandler.php(122): Illuminate\Pipeline\Pipeline->then()
#21 /opt/bitnami/apache/htdocs/vendor/illuminate/queue/CallQueuedHandler.php(70): Illuminate\Queue\CallQueuedHandler->dispatchThroughMiddleware()
#22 /opt/bitnami/apache/htdocs/vendor/illuminate/queue/Jobs/Job.php(98): Illuminate\Queue\CallQueuedHandler->call()
#23 /opt/bitnami/apache/htdocs/vendor/illuminate/queue/SyncQueue.php(43): Illuminate\Queue\Jobs\Job->fire()
#24 /opt/bitnami/apache/htdocs/vendor/flarum/core/src/User/AccountActivationMailerTrait.php(54): Illuminate\Queue\SyncQueue->push()
#25 /opt/bitnami/apache/htdocs/vendor/flarum/core/src/User/AccountActivationMailer.php(67): Flarum\User\AccountActivationMailer->sendConfirmationEmail()
#26 /opt/bitnami/apache/htdocs/vendor/illuminate/events/Dispatcher.php(424): Flarum\User\AccountActivationMailer->handle()
#27 /opt/bitnami/apache/htdocs/vendor/illuminate/events/Dispatcher.php(249): Illuminate\Events\Dispatcher->Illuminate\Events\{closure}()
#28 /opt/bitnami/apache/htdocs/vendor/flarum/core/src/Foundation/DispatchEventsTrait.php(33): Illuminate\Events\Dispatcher->dispatch()
#29 /opt/bitnami/apache/htdocs/vendor/flarum/core/src/User/Command/RegisterUserHandler.php(120): Flarum\User\Command\RegisterUserHandler->dispatchEventsFor()
#30 /opt/bitnami/apache/htdocs/vendor/illuminate/bus/Dispatcher.php(122): Flarum\User\Command\RegisterUserHandler->handle()
#31 /opt/bitnami/apache/htdocs/vendor/illuminate/pipeline/Pipeline.php(128): Illuminate\Bus\Dispatcher->Illuminate\Bus\{closure}()
#32 /opt/bitnami/apache/htdocs/vendor/illuminate/pipeline/Pipeline.php(103): Illuminate\Pipeline\Pipeline->Illuminate\Pipeline\{closure}()
#33 /opt/bitnami/apache/htdocs/vendor/illuminate/bus/Dispatcher.php(132): Illuminate\Pipeline\Pipeline->then()
#34 /opt/bitnami/apache/htdocs/vendor/illuminate/bus/Dispatcher.php(78): Illuminate\Bus\Dispatcher->dispatchNow()
#35 /opt/bitnami/apache/htdocs/vendor/flarum/core/src/Api/Controller/CreateUserController.php(46): Illuminate\Bus\Dispatcher->dispatch()
#36 /opt/bitnami/apache/htdocs/vendor/flarum/core/src/Api/Controller/AbstractSerializeController.php(116): Flarum\Api\Controller\CreateUserController->data()
#37 /opt/bitnami/apache/htdocs/vendor/flarum/core/src/Api/Controller/AbstractCreateController.php(22): Flarum\Api\Controller\AbstractSerializeController->handle()
#38 /opt/bitnami/apache/htdocs/vendor/flarum/core/src/Http/RouteHandlerFactory.php(41): Flarum\Api\Controller\AbstractCreateController->handle()
#39 /opt/bitnami/apache/htdocs/vendor/flarum/core/src/Http/Middleware/ExecuteRoute.php(27): Flarum\Http\RouteHandlerFactory->Flarum\Http\{closure}()
#40 /opt/bitnami/apache/htdocs/vendor/laminas/laminas-stratigility/src/Next.php(49): Flarum\Http\Middleware\ExecuteRoute->process()
#41 /opt/bitnami/apache/htdocs/vendor/flarum/core/src/Api/Middleware/ThrottleApi.php(33): Laminas\Stratigility\Next->handle()
#42 /opt/bitnami/apache/htdocs/vendor/laminas/laminas-stratigility/src/Next.php(49): Flarum\Api\Middleware\ThrottleApi->process()
#43 /opt/bitnami/apache/htdocs/vendor/flarum/core/src/Http/Middleware/ResolveRoute.php(69): Laminas\Stratigility\Next->handle()
#44 /opt/bitnami/apache/htdocs/vendor/laminas/laminas-stratigility/src/Next.php(49): Flarum\Http\Middleware\ResolveRoute->process()
#45 /opt/bitnami/apache/htdocs/vendor/flarum/core/src/Http/Middleware/SetLocale.php(51): Laminas\Stratigility\Next->handle()
#46 /opt/bitnami/apache/htdocs/vendor/laminas/laminas-stratigility/src/Next.php(49): Flarum\Http\Middleware\SetLocale->process()
#47 /opt/bitnami/apache/htdocs/vendor/flarum/core/src/Http/Middleware/HandleErrors.php(57): Laminas\Stratigility\Next->handle()
#48 /opt/bitnami/apache/htdocs/vendor/laminas/laminas-stratigility/src/Next.php(49): Flarum\Http\Middleware\HandleErrors->process()
#49 /opt/bitnami/apache/htdocs/vendor/laminas/laminas-stratigility/src/MiddlewarePipe.php(75): Laminas\Stratigility\Next->handle()
#50 /opt/bitnami/apache/htdocs/vendor/laminas/laminas-stratigility/src/MiddlewarePipe.php(64): Laminas\Stratigility\MiddlewarePipe->process()
#51 /opt/bitnami/apache/htdocs/vendor/flarum/core/src/Api/Client.php(141): Laminas\Stratigility\MiddlewarePipe->handle()
#52 /opt/bitnami/apache/htdocs/vendor/flarum/core/src/Api/Client.php(96): Flarum\Api\Client->send()
#53 /opt/bitnami/apache/htdocs/vendor/flarum/core/src/Forum/Controller/RegisterController.php(56): Flarum\Api\Client->post()
#54 /opt/bitnami/apache/htdocs/vendor/flarum/core/src/Http/RouteHandlerFactory.php(41): Flarum\Forum\Controller\RegisterController->handle()
#55 /opt/bitnami/apache/htdocs/vendor/flarum/core/src/Http/Middleware/ExecuteRoute.php(27): Flarum\Http\RouteHandlerFactory->Flarum\Http\{closure}()
#56 /opt/bitnami/apache/htdocs/vendor/laminas/laminas-stratigility/src/Next.php(49): Flarum\Http\Middleware\ExecuteRoute->process()
#57 /opt/bitnami/apache/htdocs/vendor/flarum/core/src/Http/Middleware/ContentTypeOptionsHeader.php(21): Laminas\Stratigility\Next->handle()
#58 /opt/bitnami/apache/htdocs/vendor/laminas/laminas-stratigility/src/Next.php(49): Flarum\Http\Middleware\ContentTypeOptionsHeader->process()
#59 /opt/bitnami/apache/htdocs/vendor/flarum/core/src/Http/Middleware/ReferrerPolicyHeader.php(30): Laminas\Stratigility\Next->handle()
#60 /opt/bitnami/apache/htdocs/vendor/laminas/laminas-stratigility/src/Next.php(49): Flarum\Http\Middleware\ReferrerPolicyHeader->process()
#61 /opt/bitnami/apache/htdocs/vendor/flarum/core/src/Http/Middleware/FlarumPromotionHeader.php(30): Laminas\Stratigility\Next->handle()
#62 /opt/bitnami/apache/htdocs/vendor/laminas/laminas-stratigility/src/Next.php(49): Flarum\Http\Middleware\FlarumPromotionHeader->process()
#63 /opt/bitnami/apache/htdocs/vendor/flarum/core/src/Http/Middleware/ShareErrorsFromSession.php(57): Laminas\Stratigility\Next->handle()
#64 /opt/bitnami/apache/htdocs/vendor/laminas/laminas-stratigility/src/Next.php(49): Flarum\Http\Middleware\ShareErrorsFromSession->process()
#65 /opt/bitnami/apache/htdocs/vendor/flarum/core/src/Http/Middleware/CheckCsrfToken.php(44): Laminas\Stratigility\Next->handle()
#66 /opt/bitnami/apache/htdocs/vendor/laminas/laminas-stratigility/src/Next.php(49): Flarum\Http\Middleware\CheckCsrfToken->process()
#67 /opt/bitnami/apache/htdocs/vendor/flarum/core/src/Http/Middleware/ResolveRoute.php(69): Laminas\Stratigility\Next->handle()
#68 /opt/bitnami/apache/htdocs/vendor/laminas/laminas-stratigility/src/Next.php(49): Flarum\Http\Middleware\ResolveRoute->process()
#69 /opt/bitnami/apache/htdocs/vendor/flarum/core/src/Http/Middleware/SetLocale.php(51): Laminas\Stratigility\Next->handle()
#70 /opt/bitnami/apache/htdocs/vendor/laminas/laminas-stratigility/src/Next.php(49): Flarum\Http\Middleware\SetLocale->process()
#71 /opt/bitnami/apache/htdocs/vendor/flarum/core/src/Http/Middleware/AuthenticateWithSession.php(31): Laminas\Stratigility\Next->handle()
#72 /opt/bitnami/apache/htdocs/vendor/laminas/laminas-stratigility/src/Next.php(49): Flarum\Http\Middleware\AuthenticateWithSession->process()
#73 /opt/bitnami/apache/htdocs/vendor/flarum/core/src/Http/Middleware/RememberFromCookie.php(52): Laminas\Stratigility\Next->handle()
#74 /opt/bitnami/apache/htdocs/vendor/laminas/laminas-stratigility/src/Next.php(49): Flarum\Http\Middleware\RememberFromCookie->process()
#75 /opt/bitnami/apache/htdocs/vendor/flarum/core/src/Http/Middleware/StartSession.php(61): Laminas\Stratigility\Next->handle()
#76 /opt/bitnami/apache/htdocs/vendor/laminas/laminas-stratigility/src/Next.php(49): Flarum\Http\Middleware\StartSession->process()
#77 /opt/bitnami/apache/htdocs/vendor/flarum/core/src/Http/Middleware/CollectGarbage.php(46): Laminas\Stratigility\Next->handle()
#78 /opt/bitnami/apache/htdocs/vendor/laminas/laminas-stratigility/src/Next.php(49): Flarum\Http\Middleware\CollectGarbage->process()
#79 /opt/bitnami/apache/htdocs/vendor/flarum/core/src/Http/Middleware/ParseJsonBody.php(28): Laminas\Stratigility\Next->handle()
#80 /opt/bitnami/apache/htdocs/vendor/laminas/laminas-stratigility/src/Next.php(49): Flarum\Http\Middleware\ParseJsonBody->process()
#81 /opt/bitnami/apache/htdocs/vendor/flarum/core/src/Http/Middleware/HandleErrors.php(57): Laminas\Stratigility\Next->handle()
#82 /opt/bitnami/apache/htdocs/vendor/laminas/laminas-stratigility/src/Next.php(49): Flarum\Http\Middleware\HandleErrors->process()
#83 /opt/bitnami/apache/htdocs/vendor/flarum/core/src/Http/Middleware/InjectActorReference.php(25): Laminas\Stratigility\Next->handle()
#84 /opt/bitnami/apache/htdocs/vendor/laminas/laminas-stratigility/src/Next.php(49): Flarum\Http\Middleware\InjectActorReference->process()
#85 /opt/bitnami/apache/htdocs/vendor/laminas/laminas-stratigility/src/MiddlewarePipe.php(75): Laminas\Stratigility\Next->handle()
#86 /opt/bitnami/apache/htdocs/vendor/middlewares/request-handler/src/RequestHandler.php(84): Laminas\Stratigility\MiddlewarePipe->process()
#87 /opt/bitnami/apache/htdocs/vendor/laminas/laminas-stratigility/src/Next.php(49): Middlewares\RequestHandler->process()
#88 /opt/bitnami/apache/htdocs/vendor/middlewares/base-path-router/src/BasePathRouter.php(101): Laminas\Stratigility\Next->handle()
#89 /opt/bitnami/apache/htdocs/vendor/laminas/laminas-stratigility/src/Next.php(49): Middlewares\BasePathRouter->process()
#90 /opt/bitnami/apache/htdocs/vendor/laminas/laminas-stratigility/src/Middleware/OriginalMessages.php(36): Laminas\Stratigility\Next->handle()
#91 /opt/bitnami/apache/htdocs/vendor/laminas/laminas-stratigility/src/Next.php(49): Laminas\Stratigility\Middleware\OriginalMessages->process()
#92 /opt/bitnami/apache/htdocs/vendor/middlewares/base-path/src/BasePath.php(73): Laminas\Stratigility\Next->handle()
#93 /opt/bitnami/apache/htdocs/vendor/laminas/laminas-stratigility/src/Next.php(49): Middlewares\BasePath->process()
#94 /opt/bitnami/apache/htdocs/vendor/flarum/core/src/Http/Middleware/ProcessIp.php(24): Laminas\Stratigility\Next->handle()
#95 /opt/bitnami/apache/htdocs/vendor/laminas/laminas-stratigility/src/Next.php(49): Flarum\Http\Middleware\ProcessIp->process()
#96 /opt/bitnami/apache/htdocs/vendor/laminas/laminas-stratigility/src/MiddlewarePipe.php(75): Laminas\Stratigility\Next->handle()
#97 /opt/bitnami/apache/htdocs/vendor/laminas/laminas-stratigility/src/MiddlewarePipe.php(64): Laminas\Stratigility\MiddlewarePipe->process()
#98 /opt/bitnami/apache/htdocs/vendor/laminas/laminas-httphandlerrunner/src/RequestHandlerRunner.php(96): Laminas\Stratigility\MiddlewarePipe->handle()
#99 /opt/bitnami/apache/htdocs/vendor/flarum/core/src/Http/Server.php(45): Laminas\HttpHandlerRunner\RequestHandlerRunner->run()
#100 /opt/bitnami/apache/htdocs/public/index.php(26): Flarum\Http\Server->listen()
#101 {main}  
[2023-02-02 02:13:43] flarum.ERROR: Swift_TransportException: Expected response code 220 but got an empty response in /opt/bitnami/apache/htdocs/vendor/swiftmailer/swiftmailer/lib/classes/Swift/Transport/AbstractSmtpTransport.php:447
Stack trace:
#0 /opt/bitnami/apache/htdocs/vendor/swiftmailer/swiftmailer/lib/classes/Swift/Transport/AbstractSmtpTransport.php(360): Swift_Transport_AbstractSmtpTransport->assertResponseCode()
#1 /opt/bitnami/apache/htdocs/vendor/swiftmailer/swiftmailer/lib/classes/Swift/Transport/AbstractSmtpTransport.php(147): Swift_Transport_AbstractSmtpTransport->readGreeting()
#2 /opt/bitnami/apache/htdocs/vendor/swiftmailer/swiftmailer/lib/classes/Swift/Transport/SendmailTransport.php(50): Swift_Transport_AbstractSmtpTransport->start()
#3 /opt/bitnami/apache/htdocs/vendor/swiftmailer/swiftmailer/lib/classes/Swift/Mailer.php(65): Swift_Transport_SendmailTransport->start()
#4 /opt/bitnami/apache/htdocs/vendor/illuminate/mail/Mailer.php(521): Swift_Mailer->send()
#5 /opt/bitnami/apache/htdocs/vendor/illuminate/mail/Mailer.php(288): Illuminate\Mail\Mailer->sendSwiftMessage()
#6 /opt/bitnami/apache/htdocs/vendor/illuminate/mail/Mailer.php(212): Illuminate\Mail\Mailer->send()
#7 /opt/bitnami/apache/htdocs/vendor/flarum/core/src/Mail/Job/SendRawEmailJob.php(34): Illuminate\Mail\Mailer->raw()
#8 /opt/bitnami/apache/htdocs/vendor/illuminate/container/BoundMethod.php(36): Flarum\Mail\Job\SendRawEmailJob->handle()
#9 /opt/bitnami/apache/htdocs/vendor/illuminate/container/Util.php(40): Illuminate\Container\BoundMethod::Illuminate\Container\{closure}()
#10 /opt/bitnami/apache/htdocs/vendor/illuminate/container/BoundMethod.php(93): Illuminate\Container\Util::unwrapIfClosure()
#11 /opt/bitnami/apache/htdocs/vendor/illuminate/container/BoundMethod.php(37): Illuminate\Container\BoundMethod::callBoundMethod()
#12 /opt/bitnami/apache/htdocs/vendor/illuminate/container/Container.php(653): Illuminate\Container\BoundMethod::call()
#13 /opt/bitnami/apache/htdocs/vendor/illuminate/bus/Dispatcher.php(128): Illuminate\Container\Container->call()
#14 /opt/bitnami/apache/htdocs/vendor/illuminate/pipeline/Pipeline.php(128): Illuminate\Bus\Dispatcher->Illuminate\Bus\{closure}()
#15 /opt/bitnami/apache/htdocs/vendor/illuminate/pipeline/Pipeline.php(103): Illuminate\Pipeline\Pipeline->Illuminate\Pipeline\{closure}()
#16 /opt/bitnami/apache/htdocs/vendor/illuminate/bus/Dispatcher.php(132): Illuminate\Pipeline\Pipeline->then()
#17 /opt/bitnami/apache/htdocs/vendor/illuminate/queue/CallQueuedHandler.php(120): Illuminate\Bus\Dispatcher->dispatchNow()
#18 /opt/bitnami/apache/htdocs/vendor/illuminate/pipeline/Pipeline.php(128): Illuminate\Queue\CallQueuedHandler->Illuminate\Queue\{closure}()
#19 /opt/bitnami/apache/htdocs/vendor/illuminate/pipeline/Pipeline.php(103): Illuminate\Pipeline\Pipeline->Illuminate\Pipeline\{closure}()
#20 /opt/bitnami/apache/htdocs/vendor/illuminate/queue/CallQueuedHandler.php(122): Illuminate\Pipeline\Pipeline->then()
#21 /opt/bitnami/apache/htdocs/vendor/illuminate/queue/CallQueuedHandler.php(70): Illuminate\Queue\CallQueuedHandler->dispatchThroughMiddleware()
#22 /opt/bitnami/apache/htdocs/vendor/illuminate/queue/Jobs/Job.php(98): Illuminate\Queue\CallQueuedHandler->call()
#23 /opt/bitnami/apache/htdocs/vendor/illuminate/queue/SyncQueue.php(43): Illuminate\Queue\Jobs\Job->fire()
#24 /opt/bitnami/apache/htdocs/vendor/flarum/core/src/User/AccountActivationMailerTrait.php(54): Illuminate\Queue\SyncQueue->push()
#25 /opt/bitnami/apache/htdocs/vendor/flarum/core/src/User/AccountActivationMailer.php(67): Flarum\User\AccountActivationMailer->sendConfirmationEmail()
#26 /opt/bitnami/apache/htdocs/vendor/illuminate/events/Dispatcher.php(424): Flarum\User\AccountActivationMailer->handle()
#27 /opt/bitnami/apache/htdocs/vendor/illuminate/events/Dispatcher.php(249): Illuminate\Events\Dispatcher->Illuminate\Events\{closure}()
#28 /opt/bitnami/apache/htdocs/vendor/flarum/core/src/Foundation/DispatchEventsTrait.php(33): Illuminate\Events\Dispatcher->dispatch()
#29 /opt/bitnami/apache/htdocs/vendor/flarum/core/src/User/Command/RegisterUserHandler.php(120): Flarum\User\Command\RegisterUserHandler->dispatchEventsFor()
#30 /opt/bitnami/apache/htdocs/vendor/illuminate/bus/Dispatcher.php(122): Flarum\User\Command\RegisterUserHandler->handle()
#31 /opt/bitnami/apache/htdocs/vendor/illuminate/pipeline/Pipeline.php(128): Illuminate\Bus\Dispatcher->Illuminate\Bus\{closure}()
#32 /opt/bitnami/apache/htdocs/vendor/illuminate/pipeline/Pipeline.php(103): Illuminate\Pipeline\Pipeline->Illuminate\Pipeline\{closure}()
#33 /opt/bitnami/apache/htdocs/vendor/illuminate/bus/Dispatcher.php(132): Illuminate\Pipeline\Pipeline->then()
#34 /opt/bitnami/apache/htdocs/vendor/illuminate/bus/Dispatcher.php(78): Illuminate\Bus\Dispatcher->dispatchNow()
#35 /opt/bitnami/apache/htdocs/vendor/flarum/core/src/Api/Controller/CreateUserController.php(46): Illuminate\Bus\Dispatcher->dispatch()
#36 /opt/bitnami/apache/htdocs/vendor/flarum/core/src/Api/Controller/AbstractSerializeController.php(116): Flarum\Api\Controller\CreateUserController->data()
#37 /opt/bitnami/apache/htdocs/vendor/flarum/core/src/Api/Controller/AbstractCreateController.php(22): Flarum\Api\Controller\AbstractSerializeController->handle()
#38 /opt/bitnami/apache/htdocs/vendor/flarum/core/src/Http/RouteHandlerFactory.php(41): Flarum\Api\Controller\AbstractCreateController->handle()
#39 /opt/bitnami/apache/htdocs/vendor/flarum/core/src/Http/Middleware/ExecuteRoute.php(27): Flarum\Http\RouteHandlerFactory->Flarum\Http\{closure}()
#40 /opt/bitnami/apache/htdocs/vendor/laminas/laminas-stratigility/src/Next.php(49): Flarum\Http\Middleware\ExecuteRoute->process()
#41 /opt/bitnami/apache/htdocs/vendor/flarum/core/src/Api/Middleware/ThrottleApi.php(33): Laminas\Stratigility\Next->handle()
#42 /opt/bitnami/apache/htdocs/vendor/laminas/laminas-stratigility/src/Next.php(49): Flarum\Api\Middleware\ThrottleApi->process()
#43 /opt/bitnami/apache/htdocs/vendor/flarum/core/src/Http/Middleware/ResolveRoute.php(69): Laminas\Stratigility\Next->handle()
#44 /opt/bitnami/apache/htdocs/vendor/laminas/laminas-stratigility/src/Next.php(49): Flarum\Http\Middleware\ResolveRoute->process()
#45 /opt/bitnami/apache/htdocs/vendor/flarum/core/src/Http/Middleware/SetLocale.php(51): Laminas\Stratigility\Next->handle()
#46 /opt/bitnami/apache/htdocs/vendor/laminas/laminas-stratigility/src/Next.php(49): Flarum\Http\Middleware\SetLocale->process()
#47 /opt/bitnami/apache/htdocs/vendor/flarum/core/src/Http/Middleware/HandleErrors.php(57): Laminas\Stratigility\Next->handle()
#48 /opt/bitnami/apache/htdocs/vendor/laminas/laminas-stratigility/src/Next.php(49): Flarum\Http\Middleware\HandleErrors->process()
#49 /opt/bitnami/apache/htdocs/vendor/laminas/laminas-stratigility/src/MiddlewarePipe.php(75): Laminas\Stratigility\Next->handle()
#50 /opt/bitnami/apache/htdocs/vendor/laminas/laminas-stratigility/src/MiddlewarePipe.php(64): Laminas\Stratigility\MiddlewarePipe->process()
#51 /opt/bitnami/apache/htdocs/vendor/flarum/core/src/Api/Client.php(141): Laminas\Stratigility\MiddlewarePipe->handle()
#52 /opt/bitnami/apache/htdocs/vendor/flarum/core/src/Api/Client.php(96): Flarum\Api\Client->send()
#53 /opt/bitnami/apache/htdocs/vendor/flarum/core/src/Forum/Controller/RegisterController.php(56): Flarum\Api\Client->post()
#54 /opt/bitnami/apache/htdocs/vendor/flarum/core/src/Http/RouteHandlerFactory.php(41): Flarum\Forum\Controller\RegisterController->handle()
#55 /opt/bitnami/apache/htdocs/vendor/flarum/core/src/Http/Middleware/ExecuteRoute.php(27): Flarum\Http\RouteHandlerFactory->Flarum\Http\{closure}()
#56 /opt/bitnami/apache/htdocs/vendor/laminas/laminas-stratigility/src/Next.php(49): Flarum\Http\Middleware\ExecuteRoute->process()
#57 /opt/bitnami/apache/htdocs/vendor/flarum/core/src/Http/Middleware/ContentTypeOptionsHeader.php(21): Laminas\Stratigility\Next->handle()
#58 /opt/bitnami/apache/htdocs/vendor/laminas/laminas-stratigility/src/Next.php(49): Flarum\Http\Middleware\ContentTypeOptionsHeader->process()
#59 /opt/bitnami/apache/htdocs/vendor/flarum/core/src/Http/Middleware/ReferrerPolicyHeader.php(30): Laminas\Stratigility\Next->handle()
#60 /opt/bitnami/apache/htdocs/vendor/laminas/laminas-stratigility/src/Next.php(49): Flarum\Http\Middleware\ReferrerPolicyHeader->process()
#61 /opt/bitnami/apache/htdocs/vendor/flarum/core/src/Http/Middleware/FlarumPromotionHeader.php(30): Laminas\Stratigility\Next->handle()
#62 /opt/bitnami/apache/htdocs/vendor/laminas/laminas-stratigility/src/Next.php(49): Flarum\Http\Middleware\FlarumPromotionHeader->process()
#63 /opt/bitnami/apache/htdocs/vendor/flarum/core/src/Http/Middleware/ShareErrorsFromSession.php(57): Laminas\Stratigility\Next->handle()
#64 /opt/bitnami/apache/htdocs/vendor/laminas/laminas-stratigility/src/Next.php(49): Flarum\Http\Middleware\ShareErrorsFromSession->process()
#65 /opt/bitnami/apache/htdocs/vendor/flarum/core/src/Http/Middleware/CheckCsrfToken.php(44): Laminas\Stratigility\Next->handle()
#66 /opt/bitnami/apache/htdocs/vendor/laminas/laminas-stratigility/src/Next.php(49): Flarum\Http\Middleware\CheckCsrfToken->process()
#67 /opt/bitnami/apache/htdocs/vendor/flarum/core/src/Http/Middleware/ResolveRoute.php(69): Laminas\Stratigility\Next->handle()
#68 /opt/bitnami/apache/htdocs/vendor/laminas/laminas-stratigility/src/Next.php(49): Flarum\Http\Middleware\ResolveRoute->process()
#69 /opt/bitnami/apache/htdocs/vendor/flarum/core/src/Http/Middleware/SetLocale.php(51): Laminas\Stratigility\Next->handle()
#70 /opt/bitnami/apache/htdocs/vendor/laminas/laminas-stratigility/src/Next.php(49): Flarum\Http\Middleware\SetLocale->process()
#71 /opt/bitnami/apache/htdocs/vendor/flarum/core/src/Http/Middleware/AuthenticateWithSession.php(31): Laminas\Stratigility\Next->handle()
#72 /opt/bitnami/apache/htdocs/vendor/laminas/laminas-stratigility/src/Next.php(49): Flarum\Http\Middleware\AuthenticateWithSession->process()
#73 /opt/bitnami/apache/htdocs/vendor/flarum/core/src/Http/Middleware/RememberFromCookie.php(52): Laminas\Stratigility\Next->handle()
#74 /opt/bitnami/apache/htdocs/vendor/laminas/laminas-stratigility/src/Next.php(49): Flarum\Http\Middleware\RememberFromCookie->process()
#75 /opt/bitnami/apache/htdocs/vendor/flarum/core/src/Http/Middleware/StartSession.php(61): Laminas\Stratigility\Next->handle()
#76 /opt/bitnami/apache/htdocs/vendor/laminas/laminas-stratigility/src/Next.php(49): Flarum\Http\Middleware\StartSession->process()
#77 /opt/bitnami/apache/htdocs/vendor/flarum/core/src/Http/Middleware/CollectGarbage.php(46): Laminas\Stratigility\Next->handle()
#78 /opt/bitnami/apache/htdocs/vendor/laminas/laminas-stratigility/src/Next.php(49): Flarum\Http\Middleware\CollectGarbage->process()
#79 /opt/bitnami/apache/htdocs/vendor/flarum/core/src/Http/Middleware/ParseJsonBody.php(28): Laminas\Stratigility\Next->handle()
#80 /opt/bitnami/apache/htdocs/vendor/laminas/laminas-stratigility/src/Next.php(49): Flarum\Http\Middleware\ParseJsonBody->process()
#81 /opt/bitnami/apache/htdocs/vendor/flarum/core/src/Http/Middleware/HandleErrors.php(57): Laminas\Stratigility\Next->handle()
#82 /opt/bitnami/apache/htdocs/vendor/laminas/laminas-stratigility/src/Next.php(49): Flarum\Http\Middleware\HandleErrors->process()
#83 /opt/bitnami/apache/htdocs/vendor/flarum/core/src/Http/Middleware/InjectActorReference.php(25): Laminas\Stratigility\Next->handle()
#84 /opt/bitnami/apache/htdocs/vendor/laminas/laminas-stratigility/src/Next.php(49): Flarum\Http\Middleware\InjectActorReference->process()
#85 /opt/bitnami/apache/htdocs/vendor/laminas/laminas-stratigility/src/MiddlewarePipe.php(75): Laminas\Stratigility\Next->handle()
#86 /opt/bitnami/apache/htdocs/vendor/middlewares/request-handler/src/RequestHandler.php(84): Laminas\Stratigility\MiddlewarePipe->process()
#87 /opt/bitnami/apache/htdocs/vendor/laminas/laminas-stratigility/src/Next.php(49): Middlewares\RequestHandler->process()
#88 /opt/bitnami/apache/htdocs/vendor/middlewares/base-path-router/src/BasePathRouter.php(101): Laminas\Stratigility\Next->handle()
#89 /opt/bitnami/apache/htdocs/vendor/laminas/laminas-stratigility/src/Next.php(49): Middlewares\BasePathRouter->process()
#90 /opt/bitnami/apache/htdocs/vendor/laminas/laminas-stratigility/src/Middleware/OriginalMessages.php(36): Laminas\Stratigility\Next->handle()
#91 /opt/bitnami/apache/htdocs/vendor/laminas/laminas-stratigility/src/Next.php(49): Laminas\Stratigility\Middleware\OriginalMessages->process()
#92 /opt/bitnami/apache/htdocs/vendor/middlewares/base-path/src/BasePath.php(73): Laminas\Stratigility\Next->handle()
#93 /opt/bitnami/apache/htdocs/vendor/laminas/laminas-stratigility/src/Next.php(49): Middlewares\BasePath->process()
#94 /opt/bitnami/apache/htdocs/vendor/flarum/core/src/Http/Middleware/ProcessIp.php(24): Laminas\Stratigility\Next->handle()
#95 /opt/bitnami/apache/htdocs/vendor/laminas/laminas-stratigility/src/Next.php(49): Flarum\Http\Middleware\ProcessIp->process()
#96 /opt/bitnami/apache/htdocs/vendor/laminas/laminas-stratigility/src/MiddlewarePipe.php(75): Laminas\Stratigility\Next->handle()
#97 /opt/bitnami/apache/htdocs/vendor/laminas/laminas-stratigility/src/MiddlewarePipe.php(64): Laminas\Stratigility\MiddlewarePipe->process()
#98 /opt/bitnami/apache/htdocs/vendor/laminas/laminas-httphandlerrunner/src/RequestHandlerRunner.php(96): Laminas\Stratigility\MiddlewarePipe->handle()
#99 /opt/bitnami/apache/htdocs/vendor/flarum/core/src/Http/Server.php(45): Laminas\HttpHandlerRunner\RequestHandlerRunner->run()
#100 /opt/bitnami/apache/htdocs/public/index.php(26): Flarum\Http\Server->listen()
#101 {main}  
